  Bitmap.cpp
C:\Users\elect\Desktop\MiniUI\MiniUI\Inc\Image.hpp(11,11): warning C4200: nonstandard extension used: zero-sized array in struct/union
C:\Users\elect\Desktop\MiniUI\MiniUI\Inc\Image.hpp(11,11): message : This member will be ignored by a defaulted constructor or copy/move assignment operator
  Collections.cpp
C:\Users\elect\Desktop\MiniUI\MiniUI\Inc\Image.hpp(11,11): warning C4200: nonstandard extension used: zero-sized array in struct/union
C:\Users\elect\Desktop\MiniUI\MiniUI\Inc\Image.hpp(11,11): message : This member will be ignored by a defaulted constructor or copy/move assignment operator
  Color.cpp
  Graphics.cpp
C:\Users\elect\Desktop\MiniUI\MiniUI\Inc\Image.hpp(11,11): warning C4200: nonstandard extension used: zero-sized array in struct/union
C:\Users\elect\Desktop\MiniUI\MiniUI\Inc\Image.hpp(11,11): message : This member will be ignored by a defaulted constructor or copy/move assignment operator
  Pen.cpp
  Point.cpp
  Rect.cpp
  Size.cpp
  StackPanel.cpp
C:\Users\elect\Desktop\MiniUI\MiniUI\Inc\Image.hpp(11,11): warning C4200: nonstandard extension used: zero-sized array in struct/union
C:\Users\elect\Desktop\MiniUI\MiniUI\Inc\Image.hpp(11,11): message : This member will be ignored by a defaulted constructor or copy/move assignment operator
C:\Users\elect\Desktop\MiniUI\MiniUI\Src\StackPanel.cpp(22,33): warning C4244: 'initializing': conversion from 'unsigned short' to 'unsigned char', possible loss of data
C:\Users\elect\Desktop\MiniUI\MiniUI\Src\StackPanel.cpp(73,33): warning C4244: 'initializing': conversion from 'unsigned short' to 'unsigned char', possible loss of data
  Thickness.cpp
  UI.cpp
C:\Users\elect\Desktop\MiniUI\MiniUI\Inc\Image.hpp(11,11): warning C4200: nonstandard extension used: zero-sized array in struct/union
C:\Users\elect\Desktop\MiniUI\MiniUI\Inc\Image.hpp(11,11): message : This member will be ignored by a defaulted constructor or copy/move assignment operator
  Window.cpp
C:\Users\elect\Desktop\MiniUI\MiniUI\Inc\Image.hpp(11,11): warning C4200: nonstandard extension used: zero-sized array in struct/union
C:\Users\elect\Desktop\MiniUI\MiniUI\Inc\Image.hpp(11,11): message : This member will be ignored by a defaulted constructor or copy/move assignment operator
  bgiout.cxx
  dibutil.cxx
  drawing.cxx
C:\Users\elect\Desktop\MiniUI\Demos\Windows\MiniUIDemo\MiniUIDemo\drawing.cxx(819,9): warning C4101: 'tries': unreferenced local variable
C:\Users\elect\Desktop\MiniUI\Demos\Windows\MiniUIDemo\MiniUIDemo\drawing.cxx(859,10): warning C4101: 'answer': unreferenced local variable
C:\Users\elect\Desktop\MiniUI\Demos\Windows\MiniUIDemo\MiniUIDemo\drawing.cxx(1110,6): warning C4996: 'strcat': This function or variable may be unsafe. Consider using strcat_s instead. To disable deprecation, use _CRT_SECURE_NO_WARNINGS. See online help for details.
  file.cxx
  MainWindow.cpp
C:\Users\elect\Desktop\MiniUI\MiniUI\Inc\Image.hpp(11,11): warning C4200: nonstandard extension used: zero-sized array in struct/union
C:\Users\elect\Desktop\MiniUI\MiniUI\Inc\Image.hpp(11,11): message : This member will be ignored by a defaulted constructor or copy/move assignment operator
  misc.cxx
C:\Users\elect\Desktop\MiniUI\Demos\Windows\MiniUIDemo\MiniUIDemo\misc.cxx(595,39): warning C4838: conversion from 'int' to 'unsigned short' requires a narrowing conversion
C:\Users\elect\Desktop\MiniUI\Demos\Windows\MiniUIDemo\MiniUIDemo\misc.cxx(595,46): warning C4838: conversion from 'int' to 'unsigned short' requires a narrowing conversion
C:\Users\elect\Desktop\MiniUI\Demos\Windows\MiniUIDemo\MiniUIDemo\misc.cxx(595,53): warning C4838: conversion from 'int' to 'unsigned short' requires a narrowing conversion
C:\Users\elect\Desktop\MiniUI\Demos\Windows\MiniUIDemo\MiniUIDemo\misc.cxx(595,60): warning C4838: conversion from 'int' to 'unsigned short' requires a narrowing conversion
C:\Users\elect\Desktop\MiniUI\Demos\Windows\MiniUIDemo\MiniUIDemo\misc.cxx(595,67): warning C4838: conversion from 'int' to 'unsigned short' requires a narrowing conversion
C:\Users\elect\Desktop\MiniUI\Demos\Windows\MiniUIDemo\MiniUIDemo\misc.cxx(595,74): warning C4838: conversion from 'int' to 'unsigned short' requires a narrowing conversion
C:\Users\elect\Desktop\MiniUI\Demos\Windows\MiniUIDemo\MiniUIDemo\misc.cxx(595,81): warning C4838: conversion from 'int' to 'unsigned short' requires a narrowing conversion
C:\Users\elect\Desktop\MiniUI\Demos\Windows\MiniUIDemo\MiniUIDemo\misc.cxx(595,88): warning C4838: conversion from 'int' to 'unsigned short' requires a narrowing conversion
C:\Users\elect\Desktop\MiniUI\Demos\Windows\MiniUIDemo\MiniUIDemo\misc.cxx(596,39): warning C4838: conversion from 'int' to 'unsigned short' requires a narrowing conversion
C:\Users\elect\Desktop\MiniUI\Demos\Windows\MiniUIDemo\MiniUIDemo\misc.cxx(596,46): warning C4838: conversion from 'int' to 'unsigned short' requires a narrowing conversion
C:\Users\elect\Desktop\MiniUI\Demos\Windows\MiniUIDemo\MiniUIDemo\misc.cxx(596,53): warning C4838: conversion from 'int' to 'unsigned short' requires a narrowing conversion
C:\Users\elect\Desktop\MiniUI\Demos\Windows\MiniUIDemo\MiniUIDemo\misc.cxx(596,60): warning C4838: conversion from 'int' to 'unsigned short' requires a narrowing conversion
C:\Users\elect\Desktop\MiniUI\Demos\Windows\MiniUIDemo\MiniUIDemo\misc.cxx(596,67): warning C4838: conversion from 'int' to 'unsigned short' requires a narrowing conversion
C:\Users\elect\Desktop\MiniUI\Demos\Windows\MiniUIDemo\MiniUIDemo\misc.cxx(596,74): warning C4838: conversion from 'int' to 'unsigned short' requires a narrowing conversion
C:\Users\elect\Desktop\MiniUI\Demos\Windows\MiniUIDemo\MiniUIDemo\misc.cxx(596,81): warning C4838: conversion from 'int' to 'unsigned short' requires a narrowing conversion
C:\Users\elect\Desktop\MiniUI\Demos\Windows\MiniUIDemo\MiniUIDemo\misc.cxx(596,88): warning C4838: conversion from 'int' to 'unsigned short' requires a narrowing conversion
C:\Users\elect\Desktop\MiniUI\Demos\Windows\MiniUIDemo\MiniUIDemo\misc.cxx(597,39): warning C4838: conversion from 'int' to 'unsigned short' requires a narrowing conversion
C:\Users\elect\Desktop\MiniUI\Demos\Windows\MiniUIDemo\MiniUIDemo\misc.cxx(597,46): warning C4838: conversion from 'int' to 'unsigned short' requires a narrowing conversion
C:\Users\elect\Desktop\MiniUI\Demos\Windows\MiniUIDemo\MiniUIDemo\misc.cxx(597,53): warning C4838: conversion from 'int' to 'unsigned short' requires a narrowing conversion
C:\Users\elect\Desktop\MiniUI\Demos\Windows\MiniUIDemo\MiniUIDemo\misc.cxx(597,60): warning C4838: conversion from 'int' to 'unsigned short' requires a narrowing conversion
C:\Users\elect\Desktop\MiniUI\Demos\Windows\MiniUIDemo\MiniUIDemo\misc.cxx(597,67): warning C4838: conversion from 'int' to 'unsigned short' requires a narrowing conversion
C:\Users\elect\Desktop\MiniUI\Demos\Windows\MiniUIDemo\MiniUIDemo\misc.cxx(597,74): warning C4838: conversion from 'int' to 'unsigned short' requires a narrowing conversion
C:\Users\elect\Desktop\MiniUI\Demos\Windows\MiniUIDemo\MiniUIDemo\misc.cxx(597,81): warning C4838: conversion from 'int' to 'unsigned short' requires a narrowing conversion
C:\Users\elect\Desktop\MiniUI\Demos\Windows\MiniUIDemo\MiniUIDemo\misc.cxx(597,88): warning C4838: conversion from 'int' to 'unsigned short' requires a narrowing conversion
C:\Users\elect\Desktop\MiniUI\Demos\Windows\MiniUIDemo\MiniUIDemo\misc.cxx(598,39): warning C4838: conversion from 'int' to 'unsigned short' requires a narrowing conversion
C:\Users\elect\Desktop\MiniUI\Demos\Windows\MiniUIDemo\MiniUIDemo\misc.cxx(598,46): warning C4838: conversion from 'int' to 'unsigned short' requires a narrowing conversion
C:\Users\elect\Desktop\MiniUI\Demos\Windows\MiniUIDemo\MiniUIDemo\misc.cxx(598,53): warning C4838: conversion from 'int' to 'unsigned short' requires a narrowing conversion
C:\Users\elect\Desktop\MiniUI\Demos\Windows\MiniUIDemo\MiniUIDemo\misc.cxx(598,60): warning C4838: conversion from 'int' to 'unsigned short' requires a narrowing conversion
C:\Users\elect\Desktop\MiniUI\Demos\Windows\MiniUIDemo\MiniUIDemo\misc.cxx(598,67): warning C4838: conversion from 'int' to 'unsigned short' requires a narrowing conversion
C:\Users\elect\Desktop\MiniUI\Demos\Windows\MiniUIDemo\MiniUIDemo\misc.cxx(598,74): warning C4838: conversion from 'int' to 'unsigned short' requires a narrowing conversion
C:\Users\elect\Desktop\MiniUI\Demos\Windows\MiniUIDemo\MiniUIDemo\misc.cxx(598,81): warning C4838: conversion from 'int' to 'unsigned short' requires a narrowing conversion
C:\Users\elect\Desktop\MiniUI\Demos\Windows\MiniUIDemo\MiniUIDemo\misc.cxx(598,88): warning C4838: conversion from 'int' to 'unsigned short' requires a narrowing conversion
C:\Users\elect\Desktop\MiniUI\Demos\Windows\MiniUIDemo\MiniUIDemo\misc.cxx(599,39): warning C4838: conversion from 'int' to 'unsigned short' requires a narrowing conversion
C:\Users\elect\Desktop\MiniUI\Demos\Windows\MiniUIDemo\MiniUIDemo\misc.cxx(599,46): warning C4838: conversion from 'int' to 'unsigned short' requires a narrowing conversion
C:\Users\elect\Desktop\MiniUI\Demos\Windows\MiniUIDemo\MiniUIDemo\misc.cxx(599,53): warning C4838: conversion from 'int' to 'unsigned short' requires a narrowing conversion
C:\Users\elect\Desktop\MiniUI\Demos\Windows\MiniUIDemo\MiniUIDemo\misc.cxx(599,60): warning C4838: conversion from 'int' to 'unsigned short' requires a narrowing conversion
C:\Users\elect\Desktop\MiniUI\Demos\Windows\MiniUIDemo\MiniUIDemo\misc.cxx(599,67): warning C4838: conversion from 'int' to 'unsigned short' requires a narrowing conversion
C:\Users\elect\Desktop\MiniUI\Demos\Windows\MiniUIDemo\MiniUIDemo\misc.cxx(599,74): warning C4838: conversion from 'int' to 'unsigned short' requires a narrowing conversion
C:\Users\elect\Desktop\MiniUI\Demos\Windows\MiniUIDemo\MiniUIDemo\misc.cxx(599,81): warning C4838: conversion from 'int' to 'unsigned short' requires a narrowing conversion
C:\Users\elect\Desktop\MiniUI\Demos\Windows\MiniUIDemo\MiniUIDemo\misc.cxx(599,88): warning C4838: conversion from 'int' to 'unsigned short' requires a narrowing conversion
  mouse.cxx
  palette.cxx
  Generating Code...
  Compiling...
  Program.cpp
C:\Users\elect\Desktop\MiniUI\MiniUI\Inc\Image.hpp(11,11): warning C4200: nonstandard extension used: zero-sized array in struct/union
C:\Users\elect\Desktop\MiniUI\MiniUI\Inc\Image.hpp(11,11): message : This member will be ignored by a defaulted constructor or copy/move assignment operator
  text.cxx
C:\Users\elect\Desktop\MiniUI\Demos\Windows\MiniUIDemo\MiniUIDemo\text.cxx(348,19): warning C4018: '<': signed/unsigned mismatch
  winbgi.cxx
C:\Users\elect\Desktop\MiniUI\Demos\Windows\MiniUIDemo\MiniUIDemo\winbgi.cxx(134,14): warning C4101: 'actual_color': unreferenced local variable
C:\Users\elect\Desktop\MiniUI\Demos\Windows\MiniUIDemo\MiniUIDemo\winbgi.cxx(133,9): warning C4101: 'bgi_color': unreferenced local variable
C:\Users\elect\Desktop\MiniUI\Demos\Windows\MiniUIDemo\MiniUIDemo\winbgi.cxx(494,5): warning C4996: 'sprintf': This function or variable may be unsafe. Consider using sprintf_s instead. To disable deprecation, use _CRT_SECURE_NO_WARNINGS. See online help for details.
  winthread.cxx
C:\Users\elect\Desktop\MiniUI\Demos\Windows\MiniUIDemo\MiniUIDemo\winthread.cxx(320,9): warning C4101: 'i': unreferenced local variable
  Generating Code...
  MiniUIDemo.vcxproj -> C:\Users\elect\Desktop\MiniUI\Demos\Windows\MiniUIDemo\Debug\MiniUIDemo.exe
