c:\users\elect\desktop\miniui\demos\windows\miniuidemo\miniuidemo\debug\vc143.pdb
c:\users\elect\desktop\miniui\demos\windows\miniuidemo\miniuidemo\debug\vc143.idb
c:\users\elect\desktop\miniui\demos\windows\miniuidemo\miniuidemo\debug\palette.obj
c:\users\elect\desktop\miniui\demos\windows\miniuidemo\miniuidemo\debug\mouse.obj
c:\users\elect\desktop\miniui\demos\windows\miniuidemo\miniuidemo\debug\misc.obj
c:\users\elect\desktop\miniui\demos\windows\miniuidemo\miniuidemo\debug\mainwindow.obj
c:\users\elect\desktop\miniui\demos\windows\miniuidemo\miniuidemo\debug\file.obj
c:\users\elect\desktop\miniui\demos\windows\miniuidemo\miniuidemo\debug\drawing.obj
c:\users\elect\desktop\miniui\demos\windows\miniuidemo\miniuidemo\debug\dibutil.obj
c:\users\elect\desktop\miniui\demos\windows\miniuidemo\miniuidemo\debug\bgiout.obj
c:\users\elect\desktop\miniui\demos\windows\miniuidemo\miniuidemo\debug\window.obj
c:\users\elect\desktop\miniui\demos\windows\miniuidemo\miniuidemo\debug\ui.obj
c:\users\elect\desktop\miniui\demos\windows\miniuidemo\miniuidemo\debug\thickness.obj
c:\users\elect\desktop\miniui\demos\windows\miniuidemo\miniuidemo\debug\stackpanel.obj
c:\users\elect\desktop\miniui\demos\windows\miniuidemo\miniuidemo\debug\size.obj
c:\users\elect\desktop\miniui\demos\windows\miniuidemo\miniuidemo\debug\rect.obj
c:\users\elect\desktop\miniui\demos\windows\miniuidemo\miniuidemo\debug\point.obj
c:\users\elect\desktop\miniui\demos\windows\miniuidemo\miniuidemo\debug\pen.obj
c:\users\elect\desktop\miniui\demos\windows\miniuidemo\miniuidemo\debug\graphics.obj
c:\users\elect\desktop\miniui\demos\windows\miniuidemo\miniuidemo\debug\color.obj
c:\users\elect\desktop\miniui\demos\windows\miniuidemo\miniuidemo\debug\collections.obj
c:\users\elect\desktop\miniui\demos\windows\miniuidemo\miniuidemo\debug\bitmap.obj
c:\users\elect\desktop\miniui\demos\windows\miniuidemo\miniuidemo\debug\winthread.obj
c:\users\elect\desktop\miniui\demos\windows\miniuidemo\miniuidemo\debug\winbgi.obj
c:\users\elect\desktop\miniui\demos\windows\miniuidemo\miniuidemo\debug\text.obj
c:\users\elect\desktop\miniui\demos\windows\miniuidemo\miniuidemo\debug\program.obj
c:\users\elect\desktop\miniui\demos\windows\miniuidemo\miniuidemo\debug\miniuidemo.ilk
c:\users\elect\desktop\miniui\demos\windows\miniuidemo\debug\miniuidemo.exe
c:\users\elect\desktop\miniui\demos\windows\miniuidemo\debug\miniuidemo.pdb
c:\users\elect\desktop\miniui\demos\windows\miniuidemo\miniuidemo\debug\miniuidemo.tlog\cl.command.1.tlog
c:\users\elect\desktop\miniui\demos\windows\miniuidemo\miniuidemo\debug\miniuidemo.tlog\cl.read.1.tlog
c:\users\elect\desktop\miniui\demos\windows\miniuidemo\miniuidemo\debug\miniuidemo.tlog\cl.write.1.tlog
c:\users\elect\desktop\miniui\demos\windows\miniuidemo\miniuidemo\debug\miniuidemo.tlog\link.command.1.tlog
c:\users\elect\desktop\miniui\demos\windows\miniuidemo\miniuidemo\debug\miniuidemo.tlog\link.read.1.tlog
c:\users\elect\desktop\miniui\demos\windows\miniuidemo\miniuidemo\debug\miniuidemo.tlog\link.write.1.tlog
