  bgiout.cxx
  dibutil.cxx
  drawing.cxx
C:\Users\elect\Desktop\MiniUI\Demos\Windows\MiniUIDemo\MiniUIDemo\drawing.cxx(66,46): error C2065: 'GWL_USERDATA': undeclared identifier
C:\Users\elect\Desktop\MiniUI\Demos\Windows\MiniUIDemo\MiniUIDemo\drawing.cxx(1110,6): warning C4996: 'strcat': This function or variable may be unsafe. Consider using strcat_s instead. To disable deprecation, use _CRT_SECURE_NO_WARNINGS. See online help for details.
C:\Users\elect\Desktop\MiniUI\Demos\Windows\MiniUIDemo\MiniUIDemo\drawing.cxx(1240,26): warning C4267: '=': conversion from 'size_t' to 'int', possible loss of data
  file.cxx
  main.cpp
  misc.cxx
C:\Users\elect\Desktop\MiniUI\Demos\Windows\MiniUIDemo\MiniUIDemo\misc.cxx(595,39): warning C4838: conversion from 'int' to 'unsigned short' requires a narrowing conversion
C:\Users\elect\Desktop\MiniUI\Demos\Windows\MiniUIDemo\MiniUIDemo\misc.cxx(595,46): warning C4838: conversion from 'int' to 'unsigned short' requires a narrowing conversion
C:\Users\elect\Desktop\MiniUI\Demos\Windows\MiniUIDemo\MiniUIDemo\misc.cxx(595,53): warning C4838: conversion from 'int' to 'unsigned short' requires a narrowing conversion
C:\Users\elect\Desktop\MiniUI\Demos\Windows\MiniUIDemo\MiniUIDemo\misc.cxx(595,60): warning C4838: conversion from 'int' to 'unsigned short' requires a narrowing conversion
C:\Users\elect\Desktop\MiniUI\Demos\Windows\MiniUIDemo\MiniUIDemo\misc.cxx(595,67): warning C4838: conversion from 'int' to 'unsigned short' requires a narrowing conversion
C:\Users\elect\Desktop\MiniUI\Demos\Windows\MiniUIDemo\MiniUIDemo\misc.cxx(595,74): warning C4838: conversion from 'int' to 'unsigned short' requires a narrowing conversion
C:\Users\elect\Desktop\MiniUI\Demos\Windows\MiniUIDemo\MiniUIDemo\misc.cxx(595,81): warning C4838: conversion from 'int' to 'unsigned short' requires a narrowing conversion
C:\Users\elect\Desktop\MiniUI\Demos\Windows\MiniUIDemo\MiniUIDemo\misc.cxx(595,88): warning C4838: conversion from 'int' to 'unsigned short' requires a narrowing conversion
C:\Users\elect\Desktop\MiniUI\Demos\Windows\MiniUIDemo\MiniUIDemo\misc.cxx(596,39): warning C4838: conversion from 'int' to 'unsigned short' requires a narrowing conversion
C:\Users\elect\Desktop\MiniUI\Demos\Windows\MiniUIDemo\MiniUIDemo\misc.cxx(596,46): warning C4838: conversion from 'int' to 'unsigned short' requires a narrowing conversion
C:\Users\elect\Desktop\MiniUI\Demos\Windows\MiniUIDemo\MiniUIDemo\misc.cxx(596,53): warning C4838: conversion from 'int' to 'unsigned short' requires a narrowing conversion
C:\Users\elect\Desktop\MiniUI\Demos\Windows\MiniUIDemo\MiniUIDemo\misc.cxx(596,60): warning C4838: conversion from 'int' to 'unsigned short' requires a narrowing conversion
C:\Users\elect\Desktop\MiniUI\Demos\Windows\MiniUIDemo\MiniUIDemo\misc.cxx(596,67): warning C4838: conversion from 'int' to 'unsigned short' requires a narrowing conversion
C:\Users\elect\Desktop\MiniUI\Demos\Windows\MiniUIDemo\MiniUIDemo\misc.cxx(596,74): warning C4838: conversion from 'int' to 'unsigned short' requires a narrowing conversion
C:\Users\elect\Desktop\MiniUI\Demos\Windows\MiniUIDemo\MiniUIDemo\misc.cxx(596,81): warning C4838: conversion from 'int' to 'unsigned short' requires a narrowing conversion
C:\Users\elect\Desktop\MiniUI\Demos\Windows\MiniUIDemo\MiniUIDemo\misc.cxx(596,88): warning C4838: conversion from 'int' to 'unsigned short' requires a narrowing conversion
C:\Users\elect\Desktop\MiniUI\Demos\Windows\MiniUIDemo\MiniUIDemo\misc.cxx(597,39): warning C4838: conversion from 'int' to 'unsigned short' requires a narrowing conversion
C:\Users\elect\Desktop\MiniUI\Demos\Windows\MiniUIDemo\MiniUIDemo\misc.cxx(597,46): warning C4838: conversion from 'int' to 'unsigned short' requires a narrowing conversion
C:\Users\elect\Desktop\MiniUI\Demos\Windows\MiniUIDemo\MiniUIDemo\misc.cxx(597,53): warning C4838: conversion from 'int' to 'unsigned short' requires a narrowing conversion
C:\Users\elect\Desktop\MiniUI\Demos\Windows\MiniUIDemo\MiniUIDemo\misc.cxx(597,60): warning C4838: conversion from 'int' to 'unsigned short' requires a narrowing conversion
C:\Users\elect\Desktop\MiniUI\Demos\Windows\MiniUIDemo\MiniUIDemo\misc.cxx(597,67): warning C4838: conversion from 'int' to 'unsigned short' requires a narrowing conversion
C:\Users\elect\Desktop\MiniUI\Demos\Windows\MiniUIDemo\MiniUIDemo\misc.cxx(597,74): warning C4838: conversion from 'int' to 'unsigned short' requires a narrowing conversion
C:\Users\elect\Desktop\MiniUI\Demos\Windows\MiniUIDemo\MiniUIDemo\misc.cxx(597,81): warning C4838: conversion from 'int' to 'unsigned short' requires a narrowing conversion
C:\Users\elect\Desktop\MiniUI\Demos\Windows\MiniUIDemo\MiniUIDemo\misc.cxx(597,88): warning C4838: conversion from 'int' to 'unsigned short' requires a narrowing conversion
C:\Users\elect\Desktop\MiniUI\Demos\Windows\MiniUIDemo\MiniUIDemo\misc.cxx(598,39): warning C4838: conversion from 'int' to 'unsigned short' requires a narrowing conversion
C:\Users\elect\Desktop\MiniUI\Demos\Windows\MiniUIDemo\MiniUIDemo\misc.cxx(598,46): warning C4838: conversion from 'int' to 'unsigned short' requires a narrowing conversion
C:\Users\elect\Desktop\MiniUI\Demos\Windows\MiniUIDemo\MiniUIDemo\misc.cxx(598,53): warning C4838: conversion from 'int' to 'unsigned short' requires a narrowing conversion
C:\Users\elect\Desktop\MiniUI\Demos\Windows\MiniUIDemo\MiniUIDemo\misc.cxx(598,60): warning C4838: conversion from 'int' to 'unsigned short' requires a narrowing conversion
C:\Users\elect\Desktop\MiniUI\Demos\Windows\MiniUIDemo\MiniUIDemo\misc.cxx(598,67): warning C4838: conversion from 'int' to 'unsigned short' requires a narrowing conversion
C:\Users\elect\Desktop\MiniUI\Demos\Windows\MiniUIDemo\MiniUIDemo\misc.cxx(598,74): warning C4838: conversion from 'int' to 'unsigned short' requires a narrowing conversion
C:\Users\elect\Desktop\MiniUI\Demos\Windows\MiniUIDemo\MiniUIDemo\misc.cxx(598,81): warning C4838: conversion from 'int' to 'unsigned short' requires a narrowing conversion
C:\Users\elect\Desktop\MiniUI\Demos\Windows\MiniUIDemo\MiniUIDemo\misc.cxx(598,88): warning C4838: conversion from 'int' to 'unsigned short' requires a narrowing conversion
C:\Users\elect\Desktop\MiniUI\Demos\Windows\MiniUIDemo\MiniUIDemo\misc.cxx(599,39): warning C4838: conversion from 'int' to 'unsigned short' requires a narrowing conversion
C:\Users\elect\Desktop\MiniUI\Demos\Windows\MiniUIDemo\MiniUIDemo\misc.cxx(599,46): warning C4838: conversion from 'int' to 'unsigned short' requires a narrowing conversion
C:\Users\elect\Desktop\MiniUI\Demos\Windows\MiniUIDemo\MiniUIDemo\misc.cxx(599,53): warning C4838: conversion from 'int' to 'unsigned short' requires a narrowing conversion
C:\Users\elect\Desktop\MiniUI\Demos\Windows\MiniUIDemo\MiniUIDemo\misc.cxx(599,60): warning C4838: conversion from 'int' to 'unsigned short' requires a narrowing conversion
C:\Users\elect\Desktop\MiniUI\Demos\Windows\MiniUIDemo\MiniUIDemo\misc.cxx(599,67): warning C4838: conversion from 'int' to 'unsigned short' requires a narrowing conversion
C:\Users\elect\Desktop\MiniUI\Demos\Windows\MiniUIDemo\MiniUIDemo\misc.cxx(599,74): warning C4838: conversion from 'int' to 'unsigned short' requires a narrowing conversion
C:\Users\elect\Desktop\MiniUI\Demos\Windows\MiniUIDemo\MiniUIDemo\misc.cxx(599,81): warning C4838: conversion from 'int' to 'unsigned short' requires a narrowing conversion
C:\Users\elect\Desktop\MiniUI\Demos\Windows\MiniUIDemo\MiniUIDemo\misc.cxx(599,88): warning C4838: conversion from 'int' to 'unsigned short' requires a narrowing conversion
  mouse.cxx
  palette.cxx
  text.cxx
C:\Users\elect\Desktop\MiniUI\Demos\Windows\MiniUIDemo\MiniUIDemo\text.cxx(222,63): warning C4267: 'argument': conversion from 'size_t' to 'int', possible loss of data
C:\Users\elect\Desktop\MiniUI\Demos\Windows\MiniUIDemo\MiniUIDemo\text.cxx(246,63): warning C4267: 'argument': conversion from 'size_t' to 'int', possible loss of data
C:\Users\elect\Desktop\MiniUI\Demos\Windows\MiniUIDemo\MiniUIDemo\text.cxx(317,76): warning C4267: 'argument': conversion from 'size_t' to 'int', possible loss of data
C:\Users\elect\Desktop\MiniUI\Demos\Windows\MiniUIDemo\MiniUIDemo\text.cxx(332,76): warning C4267: 'argument': conversion from 'size_t' to 'int', possible loss of data
  winbgi.cxx
C:\Users\elect\Desktop\MiniUI\Demos\Windows\MiniUIDemo\MiniUIDemo\winbgi.cxx(134,14): warning C4101: 'actual_color': unreferenced local variable
C:\Users\elect\Desktop\MiniUI\Demos\Windows\MiniUIDemo\MiniUIDemo\winbgi.cxx(133,9): warning C4101: 'bgi_color': unreferenced local variable
C:\Users\elect\Desktop\MiniUI\Demos\Windows\MiniUIDemo\MiniUIDemo\winbgi.cxx(494,5): warning C4996: 'sprintf': This function or variable may be unsafe. Consider using sprintf_s instead. To disable deprecation, use _CRT_SECURE_NO_WARNINGS. See online help for details.
  winthread.cxx
C:\Users\elect\Desktop\MiniUI\Demos\Windows\MiniUIDemo\MiniUIDemo\winthread.cxx(103,29): error C2065: 'GWL_USERDATA': undeclared identifier
C:\Users\elect\Desktop\MiniUI\Demos\Windows\MiniUIDemo\MiniUIDemo\winthread.cxx(103,58): warning C4311: 'type cast': pointer truncation from 'WindowData *' to 'LONG'
C:\Users\elect\Desktop\MiniUI\Demos\Windows\MiniUIDemo\MiniUIDemo\winthread.cxx(103,58): warning C4302: 'type cast': truncation from 'WindowData *' to 'LONG'
C:\Users\elect\Desktop\MiniUI\Demos\Windows\MiniUIDemo\MiniUIDemo\winthread.cxx(394,26): warning C4244: '=': conversion from 'LRESULT' to 'UINT', possible loss of data
  Generating Code...
